rtc0Time Tue Jun 9 22:30:00 UTC 2015
rtc1Time Tue 09 Jun 2015 10:30:01 PM UTC -0.228268 seconds
rtc0Time Tue Jun 9 22:40:00 UTC 2015
rtc1Time Tue 09 Jun 2015 10:40:01 PM UTC -0.380386 seconds
rtc0Time Tue Jun 9 22:50:00 UTC 2015
rtc1Time Tue 09 Jun 2015 10:50:01 PM UTC -0.391626 seconds
rtc0Time Tue Jun 9 22:59:59 UTC 2015
rtc1Time Tue 09 Jun 2015 11:00:00 PM UTC -0.454526 seconds
rtc0Time Wed Jun 10 03:37:30 UTC 2015
rtc1Time Wed 10 Jun 2015 03:37:31 AM UTC -0.585230 seconds
rtc0Time Wed Jun 10 03:38:30 UTC 2015
rtc1Time Wed 10 Jun 2015 03:38:31 AM UTC -0.605312 seconds
rtc0Time Wed Jun 10 03:39:30 UTC 2015
rtc1Time Wed 10 Jun 2015 03:39:31 AM UTC -0.586067 seconds
rtc0Time Wed Jun 10 03:40:30 UTC 2015
rtc1Time Wed 10 Jun 2015 03:40:31 AM UTC -0.605479 seconds
rtc0Time Wed Jun 10 03:41:30 UTC 2015
rtc1Time Wed 10 Jun 2015 03:41:31 AM UTC -0.580478 seconds
rtc0Time Wed Jun 10 03:42:30 UTC 2015
rtc1Time Wed 10 Jun 2015 03:42:31 AM UTC -0.596089 seconds
rtc0Time Wed Jun 10 03:43:30 UTC 2015
rtc1Time Wed 10 Jun 2015 03:43:31 AM UTC -0.597133 seconds
rtc0Time Wed Jun 10 03:44:30 UTC 2015
rtc1Time Wed 10 Jun 2015 03:44:31 AM UTC -0.604369 seconds
rtc0Time Wed Jun 10 03:45:30 UTC 2015
rtc1Time Wed 10 Jun 2015 03:45:31 AM UTC -0.598959 seconds
rtc0Time Wed Jun 10 03:46:30 UTC 2015
rtc1Time Wed 10 Jun 2015 03:46:31 AM UTC -0.599522 seconds
rtc0Time Wed Jun 10 03:49:31 UTC 2015
rtc1Time Wed 10 Jun 2015 03:49:32 AM UTC -0.579020 seconds
rtc0Time Wed Jun 10 03:50:30 UTC 2015
rtc1Time Wed 10 Jun 2015 03:50:31 AM UTC -0.587828 seconds
rtc0Time Wed Jun 10 03:51:30 UTC 2015
rtc1Time Wed 10 Jun 2015 03:51:31 AM UTC -0.592958 seconds
rtc0Time Wed Jun 10 03:52:30 UTC 2015
rtc1Time Wed 10 Jun 2015 03:52:31 AM UTC -0.602375 seconds
rtc0Time Wed Jun 10 03:53:30 UTC 2015
rtc1Time Wed 10 Jun 2015 03:53:31 AM UTC -0.597360 seconds
rtc0Time Wed Jun 10 03:54:30 UTC 2015
rtc1Time Wed 10 Jun 2015 03:54:31 AM UTC -0.604314 seconds
rtc0Time Wed Jun 10 03:55:30 UTC 2015
rtc1Time Wed 10 Jun 2015 03:55:31 AM UTC -0.607679 seconds
rtc0Time Wed Jun 10 03:56:30 UTC 2015
rtc1Time Wed 10 Jun 2015 03:56:31 AM UTC -0.620653 seconds
rtc0Time Wed Jun 10 03:57:30 UTC 2015
rtc1Time Wed 10 Jun 2015 03:57:31 AM UTC -0.617664 seconds
rtc0Time Wed Jun 10 03:58:30 UTC 2015
rtc1Time Wed 10 Jun 2015 03:58:31 AM UTC -0.603201 seconds
rtc0Time Wed Jun 10 03:59:30 UTC 2015
rtc1Time Wed 10 Jun 2015 03:59:31 AM UTC -0.604958 seconds
rtc0Time Wed Jun 10 04:00:30 UTC 2015
rtc1Time Wed 10 Jun 2015 04:00:31 AM UTC -0.619750 seconds
rtc0Time Wed Jun 10 04:01:30 UTC 2015
rtc1Time Wed 10 Jun 2015 04:01:31 AM UTC -0.610613 seconds
rtc0Time Wed Jun 10 04:02:30 UTC 2015
rtc1Time Wed 10 Jun 2015 04:02:31 AM UTC -0.608240 seconds
rtc0Time Wed Jun 10 04:03:30 UTC 2015
rtc1Time Wed 10 Jun 2015 04:03:31 AM UTC -0.624125 seconds
rtc0Time Wed Jun 10 04:04:30 UTC 2015
rtc1Time Wed 10 Jun 2015 04:04:31 AM UTC -0.612435 seconds
rtc0Time Wed Jun 10 04:05:30 UTC 2015
rtc1Time Wed 10 Jun 2015 04:05:31 AM UTC -0.624736 seconds
rtc0Time Wed Jun 10 04:06:30 UTC 2015
rtc1Time Wed 10 Jun 2015 04:06:31 AM UTC -0.625491 seconds
rtc0Time Wed Jun 10 04:07:30 UTC 2015
rtc1Time Wed 10 Jun 2015 04:07:31 AM UTC -0.608865 seconds
rtc0Time Wed Jun 10 04:08:30 UTC 2015
rtc1Time Wed 10 Jun 2015 04:08:31 AM UTC -0.616112 seconds
rtc0Time Wed Jun 10 04:09:30 UTC 2015
rtc1Time Wed 10 Jun 2015 04:09:31 AM UTC -0.623139 seconds
rtc0Time Wed Jun 10 04:10:30 UTC 2015
rtc1Time Wed 10 Jun 2015 04:10:31 AM UTC -0.614588 seconds
rtc0Time Wed Jun 10 04:11:30 UTC 2015
rtc1Time Wed 10 Jun 2015 04:11:31 AM UTC -0.618321 seconds
rtc0Time Wed Jun 10 04:12:30 UTC 2015
rtc1Time Wed 10 Jun 2015 04:12:31 AM UTC -0.634912 seconds
rtc0Time Wed Jun 10 04:13:30 UTC 2015
rtc1Time Wed 10 Jun 2015 04:13:31 AM UTC -0.618192 seconds
rtc0Time Wed Jun 10 04:14:30 UTC 2015
rtc1Time Wed 10 Jun 2015 04:14:31 AM UTC -0.618130 seconds
rtc0Time Wed Jun 10 04:15:30 UTC 2015
rtc1Time Wed 10 Jun 2015 04:15:31 AM UTC -0.637971 seconds
rtc0Time Wed Jun 10 04:16:30 UTC 2015
rtc1Time Wed 10 Jun 2015 04:16:31 AM UTC -0.630141 seconds
rtc0Time Wed Jun 10 04:17:30 UTC 2015
rtc1Time Wed 10 Jun 2015 04:17:31 AM UTC -0.621273 seconds
rtc0Time Wed Jun 10 04:18:30 UTC 2015
rtc1Time Wed 10 Jun 2015 04:18:31 AM UTC -0.634736 seconds
rtc0Time Wed Jun 10 04:18:32 UTC 2015
rtc1Time Wed 10 Jun 2015 04:18:33 AM UTC -0.252274 seconds
rtc0Time Wed Jun 10 04:19:30 UTC 2015
rtc1Time Wed 10 Jun 2015 04:19:31 AM UTC -0.624825 seconds
rtc0Time Wed Jun 10 04:20:30 UTC 2015
rtc1Time Wed 10 Jun 2015 04:20:31 AM UTC -0.626862 seconds
rtc0Time Wed Jun 10 04:21:30 UTC 2015
rtc1Time Wed 10 Jun 2015 04:21:31 AM UTC -0.636937 seconds
rtc0Time Wed Jun 10 04:22:30 UTC 2015
rtc1Time Wed 10 Jun 2015 04:22:31 AM UTC -0.619434 seconds
rtc0Time Wed Jun 10 04:23:30 UTC 2015
rtc1Time Wed 10 Jun 2015 04:23:31 AM UTC -0.626490 seconds
rtc0Time Wed Jun 10 04:24:30 UTC 2015
rtc1Time Wed 10 Jun 2015 04:24:31 AM UTC -0.642088 seconds
rtc0Time Wed Jun 10 04:25:30 UTC 2015
rtc1Time Wed 10 Jun 2015 04:25:31 AM UTC -0.630568 seconds
rtc0Time Wed Jun 10 04:26:30 UTC 2015
rtc1Time Wed 10 Jun 2015 04:26:31 AM UTC -0.630267 seconds
rtc0Time Wed Jun 10 04:27:30 UTC 2015
rtc1Time Wed 10 Jun 2015 04:27:31 AM UTC -0.619333 seconds
rtc0Time Wed Jun 10 04:28:30 UTC 2015
rtc1Time Wed 10 Jun 2015 04:28:31 AM UTC -0.633263 seconds
rtc0Time Wed Jun 10 04:29:30 UTC 2015
rtc1Time Wed 10 Jun 2015 04:29:31 AM UTC -0.633172 seconds
rtc0Time Wed Jun 10 04:30:30 UTC 2015
rtc1Time Wed 10 Jun 2015 04:30:31 AM UTC -0.646544 seconds
rtc0Time Wed Jun 10 04:31:30 UTC 2015
rtc1Time Wed 10 Jun 2015 04:31:31 AM UTC -0.636321 seconds
rtc0Time Wed Jun 10 04:32:30 UTC 2015
rtc1Time Wed 10 Jun 2015 04:32:31 AM UTC -0.635946 seconds
rtc0Time Wed Jun 10 04:33:30 UTC 2015
rtc1Time Wed 10 Jun 2015 04:33:31 AM UTC -0.653569 seconds
rtc0Time Wed Jun 10 04:34:30 UTC 2015
rtc1Time Wed 10 Jun 2015 04:34:31 AM UTC -0.635507 seconds
rtc0Time Wed Jun 10 04:35:30 UTC 2015
rtc1Time Wed 10 Jun 2015 04:35:31 AM UTC -0.650954 seconds
rtc0Time Wed Jun 10 04:36:30 UTC 2015
rtc1Time Wed 10 Jun 2015 04:36:31 AM UTC -0.649306 seconds
rtc0Time Wed Jun 10 04:37:30 UTC 2015
rtc1Time Wed 10 Jun 2015 04:37:31 AM UTC -0.638402 seconds
rtc0Time Wed Jun 10 04:38:30 UTC 2015
rtc1Time Wed 10 Jun 2015 04:38:31 AM UTC -0.650763 seconds
rtc0Time Wed Jun 10 04:39:30 UTC 2015
rtc1Time Wed 10 Jun 2015 04:39:31 AM UTC -0.638553 seconds
rtc0Time Wed Jun 10 04:40:30 UTC 2015
rtc1Time Wed 10 Jun 2015 04:40:31 AM UTC -0.643807 seconds
rtc0Time Wed Jun 10 04:41:30 UTC 2015
rtc1Time Wed 10 Jun 2015 04:41:31 AM UTC -0.655127 seconds
rtc0Time Wed Jun 10 04:42:30 UTC 2015
rtc1Time Wed 10 Jun 2015 04:42:31 AM UTC -0.641472 seconds
rtc0Time Wed Jun 10 04:43:30 UTC 2015
rtc1Time Wed 10 Jun 2015 04:43:31 AM UTC -0.646435 seconds
rtc0Time Wed Jun 10 04:44:30 UTC 2015
rtc1Time Wed 10 Jun 2015 04:44:31 AM UTC -0.656655 seconds
rtc0Time Wed Jun 10 04:45:30 UTC 2015
rtc1Time Wed 10 Jun 2015 04:45:31 AM UTC -0.655368 seconds
rtc0Time Wed Jun 10 04:46:30 UTC 2015
rtc1Time Wed 10 Jun 2015 04:46:31 AM UTC -0.647754 seconds
rtc0Time Wed Jun 10 04:47:30 UTC 2015
rtc1Time Wed 10 Jun 2015 04:47:31 AM UTC -0.656785 seconds
rtc0Time Wed Jun 10 04:48:30 UTC 2015
rtc1Time Wed 10 Jun 2015 04:48:31 AM UTC -0.647582 seconds
rtc0Time Wed Jun 10 04:49:30 UTC 2015
rtc1Time Wed 10 Jun 2015 04:49:31 AM UTC -0.662060 seconds
rtc0Time Wed Jun 10 04:50:30 UTC 2015
rtc1Time Wed 10 Jun 2015 04:50:31 AM UTC -0.662486 seconds
rtc0Time Wed Jun 10 05:43:31 UTC 2015
rtc1Time Wed 10 Jun 2015 05:43:32 AM UTC -0.675483 seconds
rtc0Time Wed Jun 10 05:44:30 UTC 2015
rtc1Time Wed 10 Jun 2015 05:44:31 AM UTC -0.667848 seconds
rtc0Time Wed Jun 10 05:45:30 UTC 2015
rtc1Time Wed 10 Jun 2015 05:45:31 AM UTC -0.732492 seconds
rtc0Time Wed Jun 10 05:46:30 UTC 2015
rtc1Time Wed 10 Jun 2015 05:46:31 AM UTC -0.706571 seconds
rtc0Time Wed Jun 10 05:47:30 UTC 2015
rtc1Time Wed 10 Jun 2015 05:47:31 AM UTC -0.686268 seconds
rtc0Time Wed Jun 10 05:48:30 UTC 2015
rtc1Time Wed 10 Jun 2015 05:48:31 AM UTC -0.696719 seconds
rtc0Time Wed Jun 10 05:49:30 UTC 2015
rtc1Time Wed 10 Jun 2015 05:49:31 AM UTC -0.703582 seconds
rtc0Time Wed Jun 10 05:50:30 UTC 2015
rtc1Time Wed 10 Jun 2015 05:50:31 AM UTC -0.690817 seconds
rtc0Time Wed Jun 10 05:51:30 UTC 2015
rtc1Time Wed 10 Jun 2015 05:51:31 AM UTC -0.708017 seconds
rtc0Time Wed Jun 10 05:52:30 UTC 2015
rtc1Time Wed 10 Jun 2015 05:52:31 AM UTC -0.701808 seconds
rtc0Time Wed Jun 10 05:53:30 UTC 2015
rtc1Time Wed 10 Jun 2015 05:53:31 AM UTC -0.693456 seconds
rtc0Time Wed Jun 10 05:54:30 UTC 2015
rtc1Time Wed 10 Jun 2015 05:54:31 AM UTC -0.707145 seconds
rtc0Time Wed Jun 10 05:55:30 UTC 2015
rtc1Time Wed 10 Jun 2015 05:55:31 AM UTC -0.694224 seconds
rtc0Time Wed Jun 10 05:56:30 UTC 2015
rtc1Time Wed 10 Jun 2015 05:56:31 AM UTC -0.707752 seconds
rtc0Time Wed Jun 10 05:57:30 UTC 2015
rtc1Time Wed 10 Jun 2015 05:57:31 AM UTC -0.708125 seconds
rtc0Time Wed Jun 10 05:58:30 UTC 2015
rtc1Time Wed 10 Jun 2015 05:58:31 AM UTC -0.691724 seconds
rtc0Time Wed Jun 10 05:59:30 UTC 2015
rtc1Time Wed 10 Jun 2015 05:59:31 AM UTC -0.707066 seconds
rtc0Time Wed Jun 10 06:00:30 UTC 2015
rtc1Time Wed 10 Jun 2015 06:00:31 AM UTC -0.698969 seconds
rtc0Time Wed Jun 10 06:01:30 UTC 2015
rtc1Time Wed 10 Jun 2015 06:01:31 AM UTC -0.709693 seconds
rtc0Time Wed Jun 10 06:02:30 UTC 2015
rtc1Time Wed 10 Jun 2015 06:02:31 AM UTC -0.696708 seconds
rtc0Time Wed Jun 10 06:03:30 UTC 2015
rtc1Time Wed 10 Jun 2015 06:03:31 AM UTC -0.720463 seconds
rtc0Time Wed Jun 10 06:03:32 UTC 2015
rtc1Time Wed 10 Jun 2015 06:03:33 AM UTC -0.302630 seconds
rtc0Time Wed Jun 10 06:04:30 UTC 2015
rtc1Time Wed 10 Jun 2015 06:04:31 AM UTC -0.713061 seconds
rtc0Time Wed Jun 10 06:05:30 UTC 2015
rtc1Time Wed 10 Jun 2015 06:05:31 AM UTC -0.698485 seconds
rtc0Time Wed Jun 10 06:06:30 UTC 2015
rtc1Time Wed 10 Jun 2015 06:06:31 AM UTC -0.715810 seconds
rtc0Time Wed Jun 10 06:07:30 UTC 2015
rtc1Time Wed 10 Jun 2015 06:07:31 AM UTC -0.702838 seconds
rtc0Time Wed Jun 10 06:08:30 UTC 2015
rtc1Time Wed 10 Jun 2015 06:08:31 AM UTC -0.712232 seconds
rtc0Time Wed Jun 10 06:09:30 UTC 2015
rtc1Time Wed 10 Jun 2015 06:09:31 AM UTC -0.719693 seconds
rtc0Time Wed Jun 10 06:10:30 UTC 2015
rtc1Time Wed 10 Jun 2015 06:10:31 AM UTC -0.703854 seconds
rtc0Time Wed Jun 10 06:11:30 UTC 2015
rtc1Time Wed 10 Jun 2015 06:11:31 AM UTC -0.719795 seconds
rtc0Time Wed Jun 10 06:12:30 UTC 2015
rtc1Time Wed 10 Jun 2015 06:12:31 AM UTC -0.705842 seconds
rtc0Time Wed Jun 10 06:13:30 UTC 2015
rtc1Time Wed 10 Jun 2015 06:13:31 AM UTC -0.726309 seconds
rtc0Time Wed Jun 10 06:14:30 UTC 2015
rtc1Time Wed 10 Jun 2015 06:14:31 AM UTC -0.712576 seconds
rtc0Time Wed Jun 10 06:15:30 UTC 2015
rtc1Time Wed 10 Jun 2015 06:15:31 AM UTC -0.722059 seconds
rtc0Time Wed Jun 10 06:16:30 UTC 2015
rtc1Time Wed 10 Jun 2015 06:16:31 AM UTC -0.705715 seconds
rtc0Time Wed Jun 10 06:17:30 UTC 2015
rtc1Time Wed 10 Jun 2015 06:17:31 AM UTC -0.712655 seconds
rtc0Time Wed Jun 10 06:18:30 UTC 2015
rtc1Time Wed 10 Jun 2015 06:18:31 AM UTC -0.732351 seconds
rtc0Time Wed Jun 10 06:19:30 UTC 2015
rtc1Time Wed 10 Jun 2015 06:19:31 AM UTC -0.713880 seconds
rtc0Time Wed Jun 10 06:20:30 UTC 2015
rtc1Time Wed 10 Jun 2015 06:20:31 AM UTC -0.728921 seconds
rtc0Time Wed Jun 10 06:21:30 UTC 2015
rtc1Time Wed 10 Jun 2015 06:21:31 AM UTC -0.714423 seconds
rtc0Time Wed Jun 10 06:22:30 UTC 2015
rtc1Time Wed 10 Jun 2015 06:22:31 AM UTC -0.714220 seconds
rtc0Time Wed Jun 10 06:23:30 UTC 2015
rtc1Time Wed 10 Jun 2015 06:23:31 AM UTC -0.736418 seconds
rtc0Time Wed Jun 10 06:24:30 UTC 2015
rtc1Time Wed 10 Jun 2015 06:24:31 AM UTC -0.717710 seconds
rtc0Time Wed Jun 10 06:25:30 UTC 2015
rtc1Time Wed 10 Jun 2015 06:25:31 AM UTC -0.729075 seconds
rtc0Time Wed Jun 10 06:26:30 UTC 2015
rtc1Time Wed 10 Jun 2015 06:26:31 AM UTC -0.718942 seconds
rtc0Time Wed Jun 10 06:27:30 UTC 2015
rtc1Time Wed 10 Jun 2015 06:27:31 AM UTC -0.693437 seconds
rtc0Time Wed Jun 10 06:56:30 UTC 2015
rtc1Time Wed 10 Jun 2015 06:56:31 AM UTC -0.670716 seconds
rtc0Time Wed Jun 10 06:57:30 UTC 2015
rtc1Time Wed 10 Jun 2015 06:57:31 AM UTC -0.741166 seconds
rtc0Time Wed Jun 10 06:57:51 UTC 2015
rtc1Time Wed Jun 10 06:57:52 2015 -0.331973 seconds
rtc0Time Wed Jun 10 06:59:30 UTC 2015
rtc1Time Wed 10 Jun 2015 06:59:31 AM UTC -0.696555 seconds
rtc0Time Wed Jun 10 06:59:41 UTC 2015
rtc1Time Wed Jun 10 06:59:42 2015 -0.065229 seconds
rtc0Time Wed Jun 10 07:03:30 UTC 2015
rtc1Time Wed 10 Jun 2015 07:03:31 AM UTC -0.740179 seconds
rtc0Time Wed Jun 10 07:05:30 UTC 2015
rtc1Time Wed Jun 10 07:05:31 2015 -0.733179 seconds
rtc0Time Wed Jun 10 07:06:30 UTC 2015
rtc1Time Wed Jun 10 07:06:30 2015 -0.253519 seconds
rtc0Time Wed Jun 10 07:07:30 UTC 2015
rtc1Time Wed Jun 10 07:07:30 2015 -0.307571 seconds
rtc0Time Wed Jun 10 07:08:29 UTC 2015
rtc1Time Wed Jun 10 07:08:29 2015 -0.246071 seconds
rtc0Time Wed Jun 10 07:09:30 UTC 2015
rtc1Time Wed Jun 10 07:09:30 2015 -0.266575 seconds
rtc0Time Wed Jun 10 07:10:30 UTC 2015
rtc1Time Wed Jun 10 07:10:30 2015 -0.319384 seconds
rtc0Time Wed Jun 10 07:11:29 UTC 2015
rtc1Time Wed Jun 10 07:11:29 2015 -0.270499 seconds
rtc0Time Wed Jun 10 07:12:29 UTC 2015
rtc1Time Wed Jun 10 07:12:29 2015 -0.309488 seconds
rtc0Time Wed Jun 10 07:13:29 UTC 2015
rtc1Time Wed Jun 10 07:13:29 2015 -0.310810 seconds
rtc0Time Wed Jun 10 07:13:49 UTC 2015
rtc1Time Wed Jun 10 07:13:49 2015 -0.625369 seconds
rtc0Time Wed Jun 10 07:15:30 UTC 2015
rtc1Time Wed Jun 10 07:15:30 2015 -0.238562 seconds
rtc0Time Wed Jun 10 07:16:30 UTC 2015
rtc1Time Wed Jun 10 07:16:30 2015 -0.213768 seconds
rtc0Time Wed Jun 10 07:17:29 UTC 2015
rtc1Time Wed Jun 10 07:17:29 2015 -0.273457 seconds
rtc0Time Wed Jun 10 07:18:29 UTC 2015
rtc1Time Wed Jun 10 07:18:29 2015 -0.308797 seconds
rtc0Time Wed Jun 10 07:19:29 UTC 2015
rtc1Time Wed Jun 10 07:19:29 2015 -0.244636 seconds
rtc0Time Wed Jun 10 07:20:29 UTC 2015
rtc1Time Wed Jun 10 07:20:29 2015 -0.346929 seconds
rtc0Time Wed Jun 10 07:21:30 UTC 2015
rtc1Time Wed Jun 10 07:21:30 2015 -0.239495 seconds
rtc0Time Wed Jun 10 07:24:29 UTC 2015
rtc1Time Wed Jun 10 07:24:29 2015 -0.750191 seconds
rtc0Time Wed Jun 10 07:24:50 UTC 2015
rtc1Time Wed Jun 10 07:24:51 2015 -0.709506 seconds
rtc0Time Wed Jun 10 07:26:30 UTC 2015
rtc1Time Wed Jun 10 07:26:31 2015 -0.761079 seconds
rtc0Time Wed Jun 10 07:27:30 UTC 2015
rtc1Time Wed Jun 10 07:27:31 2015 -0.750388 seconds
rtc0Time Wed Jun 10 07:30:31 UTC 2015
rtc1Time Wed Jun 10 07:30:32 2015 -1.338915 seconds
rtc0Time Wed Jun 10 07:31:30 UTC 2015
rtc1Time Wed Jun 10 07:31:31 2015 -1.198239 seconds
rtc0Time Wed Jun 10 07:31:52 UTC 2015
rtc1Time Wed Jun 10 07:31:52 2015 -0.043808 seconds
rtc0Time Wed Jun 10 07:32:25 UTC 2015
rtc1Time Wed Jun 10 07:32:26 2015 -0.490728 seconds
rtc0Time Wed Jun 10 07:33:30 UTC 2015
rtc1Time Wed Jun 10 07:33:31 2015 -0.760926 seconds
rtc0Time Wed Jun 10 07:34:31 UTC 2015
rtc1Time Wed Jun 10 07:34:32 2015 -1.250152 seconds
rtc0Time Wed Jun 10 07:35:30 UTC 2015
rtc1Time Wed Jun 10 07:35:31 2015 -1.280211 seconds
rtc0Time Wed Jun 10 07:36:31 UTC 2015
rtc1Time Wed Jun 10 07:36:32 2015 -1.272184 seconds
rtc0Time Wed Jun 10 07:39:30 UTC 2015
rtc1Time Wed 10 Jun 2015 07:39:31 AM UTC -0.652208 seconds
rtc0Time Wed Jun 10 09:15:30 UTC 2015
rtc1Time Wed 10 Jun 2015 09:15:31 AM UTC -0.162184 seconds
rtc0Time Wed Jun 10 09:16:30 UTC 2015
rtc1Time Wed 10 Jun 2015 09:16:31 AM UTC -0.201058 seconds
rtc0Time Wed Jun 10 09:21:31 UTC 2015
rtc1Time Wed 10 Jun 2015 09:21:32 AM UTC -0.222854 seconds
rtc0Time Wed Jun 10 09:24:30 UTC 2015
rtc1Time Wed 10 Jun 2015 09:24:31 AM UTC -0.235590 seconds
rtc0Time Wed Jun 10 09:26:31 UTC 2015
rtc1Time Wed 10 Jun 2015 09:26:32 AM UTC -0.236088 seconds
rtc0Time Wed Jun 10 09:27:30 UTC 2015
rtc1Time Wed 10 Jun 2015 09:27:31 AM UTC -0.237011 seconds
rtc0Time Wed Jun 10 09:29:30 UTC 2015
rtc1Time Wed 10 Jun 2015 09:29:31 AM UTC -0.210657 seconds
rtc0Time Wed Jun 10 09:51:30 UTC 2015
rtc1Time Wed 10 Jun 2015 09:51:31 AM UTC -0.243991 seconds
rtc0Time Wed Jun 10 10:01:31 UTC 2015
rtc1Time Wed 10 Jun 2015 10:01:32 AM UTC -0.246497 seconds
rtc0Time Wed Jun 10 10:02:31 UTC 2015
rtc1Time Wed 10 Jun 2015 10:02:32 AM UTC -0.255826 seconds
rtc0Time Wed Jun 10 10:06:30 UTC 2015
rtc1Time Wed 10 Jun 2015 10:06:31 AM UTC -0.567938 seconds
rtc0Time Wed Jun 10 10:07:31 UTC 2015
rtc1Time Wed 10 Jun 2015 10:07:32 AM UTC -0.573846 seconds
rtc0Time Wed Jun 10 10:08:31 UTC 2015
rtc1Time Wed 10 Jun 2015 10:08:32 AM UTC -1.307174 seconds
rtc0Time Wed Jun 10 10:09:31 UTC 2015
rtc1Time Wed 10 Jun 2015 10:09:32 AM UTC -0.575090 seconds
rtc0Time Wed Jun 10 10:10:31 UTC 2015
rtc1Time Wed 10 Jun 2015 10:10:32 AM UTC -1.307926 seconds
rtc0Time Wed Jun 10 10:11:30 UTC 2015
rtc1Time Wed 10 Jun 2015 10:11:31 AM UTC -0.578722 seconds
rtc0Time Wed Jun 10 10:12:31 UTC 2015
rtc1Time Wed 10 Jun 2015 10:12:32 AM UTC -0.577222 seconds
rtc0Time Wed Jun 10 10:13:30 UTC 2015
rtc1Time Wed 10 Jun 2015 10:13:31 AM UTC -0.578958 seconds
rtc0Time Wed Jun 10 10:14:31 UTC 2015
rtc1Time Wed 10 Jun 2015 10:14:32 AM UTC -0.579228 seconds
rtc0Time Wed Jun 10 10:16:30 UTC 2015
rtc1Time Wed 10 Jun 2015 10:16:31 AM UTC -0.580949 seconds
rtc0Time Wed Jun 10 10:24:43 UTC 2015
rtc1Time Wed 10 Jun 2015 10:24:43 AM UTC -0.330436 seconds
rtc0Time Wed Jun 10 10:25:08 UTC 2015
rtc1Time Wed 10 Jun 2015 10:25:07 AM UTC -0.415567 seconds
rtc0Time Wed Jun 10 10:26:27 UTC 2015
rtc1Time Wed 10 Jun 2015 10:26:27 AM UTC -0.315823 seconds
rtc0Time Wed Jun 10 10:26:44 UTC 2015
rtc1Time Wed 10 Jun 2015 10:26:43 AM UTC 0.715396 seconds
rtc0Time Wed Jun 10 10:27:05 UTC 2015
rtc1Time Wed 10 Jun 2015 10:27:04 AM UTC -0.398153 seconds
rtc0Time Wed Jun 10 10:27:07 UTC 2015
rtc1Time Wed 10 Jun 2015 10:27:07 AM UTC -0.749367 seconds
rtc0Time Wed Jun 10 10:27:11 UTC 2015
rtc1Time Wed 10 Jun 2015 10:27:10 AM UTC -0.457994 seconds
rtc0Time Wed Jun 10 21:25:00 UTC 2015
rtc1Time Wed Jun 10 21:25:01 2015 -0.462012 seconds
rtc0Time Wed Jun 10 21:35:00 UTC 2015
rtc1Time Wed Jun 10 21:35:01 2015 -0.463551 seconds
rtc0Time Wed Jun 10 21:45:00 UTC 2015
rtc1Time Wed Jun 10 21:45:01 2015 -0.478233 seconds
rtc0Time Wed Jun 10 21:55:00 UTC 2015
rtc1Time Wed Jun 10 21:55:01 2015 -0.482110 seconds
rtc0Time Wed Jun 10 22:15:00 UTC 2015
rtc1Time Wed 10 Jun 2015 10:15:00 PM UTC -0.147258 seconds
rtc0Time Wed Jun 10 22:25:00 UTC 2015
rtc1Time Wed 10 Jun 2015 10:25:00 PM UTC -0.152407 seconds
rtc0Time Wed Jun 10 22:35:00 UTC 2015
rtc1Time Wed 10 Jun 2015 10:35:00 PM UTC -0.172298 seconds
rtc0Time Wed Jun 10 22:44:59 UTC 2015
rtc1Time Wed 10 Jun 2015 10:44:59 PM UTC -0.175413 seconds
rtc0Time Wed Jun 10 22:55:00 UTC 2015
rtc1Time Wed 10 Jun 2015 10:55:00 PM UTC -0.176513 seconds
rtc0Time Wed Jun 10 23:05:00 UTC 2015
rtc1Time Wed 10 Jun 2015 11:05:00 PM UTC -0.187694 seconds
rtc0Time Wed Jun 10 23:15:00 UTC 2015
rtc1Time Wed 10 Jun 2015 11:15:00 PM UTC -0.200737 seconds
rtc0Time Wed Jun 10 23:25:00 UTC 2015
rtc1Time Wed 10 Jun 2015 11:25:00 PM UTC -0.201732 seconds
rtc0Time Wed Jun 10 23:35:00 UTC 2015
rtc1Time Wed 10 Jun 2015 11:35:00 PM UTC -0.214240 seconds
rtc0Time Wed Jun 10 23:45:00 UTC 2015
rtc1Time Wed 10 Jun 2015 11:45:00 PM UTC -0.228277 seconds
rtc0Time Wed Jun 10 23:55:00 UTC 2015
rtc1Time Wed 10 Jun 2015 11:55:00 PM UTC -0.232166 seconds
rtc0Time Thu Jun 11 00:05:00 UTC 2015
rtc1Time Thu 11 Jun 2015 12:05:00 AM UTC -0.243232 seconds
rtc0Time Thu Jun 11 00:15:00 UTC 2015
rtc1Time Thu 11 Jun 2015 12:15:00 AM UTC -0.251378 seconds
rtc0Time Thu Jun 11 00:25:00 UTC 2015
rtc1Time Thu 11 Jun 2015 12:25:00 AM UTC -0.256250 seconds
rtc0Time Thu Jun 11 00:35:00 UTC 2015
rtc1Time Thu 11 Jun 2015 12:35:00 AM UTC -0.265830 seconds
rtc0Time Thu Jun 11 00:45:00 UTC 2015
rtc1Time Thu 11 Jun 2015 12:45:00 AM UTC -0.273688 seconds
rtc0Time Thu Jun 11 00:55:00 UTC 2015
rtc1Time Thu 11 Jun 2015 12:55:00 AM UTC -0.281203 seconds
rtc0Time Thu Jun 11 00:55:20 UTC 2015
rtc1Time Thu 11 Jun 2015 12:55:20 AM UTC -0.504550 seconds
rtc0Time Thu Jun 11 01:05:00 UTC 2015
rtc1Time Thu 11 Jun 2015 01:05:00 AM UTC -0.281943 seconds
rtc0Time Thu Jun 11 01:15:00 UTC 2015
rtc1Time Thu 11 Jun 2015 01:15:00 AM UTC -0.302530 seconds
rtc0Time Thu Jun 11 01:25:00 UTC 2015
rtc1Time Thu 11 Jun 2015 01:25:00 AM UTC -0.306516 seconds
rtc0Time Thu Jun 11 01:35:00 UTC 2015
rtc1Time Thu 11 Jun 2015 01:35:00 AM UTC -0.310441 seconds
rtc0Time Thu Jun 11 01:45:00 UTC 2015
rtc1Time Thu 11 Jun 2015 01:45:00 AM UTC -0.315863 seconds
rtc0Time Thu Jun 11 01:55:00 UTC 2015
rtc1Time Thu 11 Jun 2015 01:55:00 AM UTC -0.332755 seconds
rtc0Time Thu Jun 11 02:05:00 UTC 2015
rtc1Time Thu 11 Jun 2015 02:05:00 AM UTC -0.336446 seconds
rtc0Time Thu Jun 11 02:15:00 UTC 2015
rtc1Time Thu 11 Jun 2015 02:15:00 AM UTC -0.333124 seconds
rtc0Time Thu Jun 11 02:25:00 UTC 2015
rtc1Time Thu 11 Jun 2015 02:25:00 AM UTC -0.356970 seconds
rtc0Time Thu Jun 11 02:35:00 UTC 2015
rtc1Time Thu 11 Jun 2015 02:35:00 AM UTC -0.350086 seconds
rtc0Time Thu Jun 11 02:45:00 UTC 2015
rtc1Time Thu 11 Jun 2015 02:45:00 AM UTC -0.398461 seconds
rtc0Time Thu Jun 11 02:55:00 UTC 2015
rtc1Time Thu 11 Jun 2015 02:55:00 AM UTC -0.376889 seconds
rtc0Time Thu Jun 11 03:05:00 UTC 2015
rtc1Time Thu 11 Jun 2015 03:05:00 AM UTC -0.382616 seconds
rtc0Time Thu Jun 11 03:15:00 UTC 2015
rtc1Time Thu 11 Jun 2015 03:15:00 AM UTC -0.392213 seconds
rtc0Time Thu Jun 11 03:25:00 UTC 2015
rtc1Time Thu 11 Jun 2015 03:25:00 AM UTC -0.392286 seconds
rtc0Time Thu Jun 11 03:35:00 UTC 2015
rtc1Time Thu 11 Jun 2015 03:35:00 AM UTC -0.382765 seconds
rtc0Time Thu Jun 11 03:44:59 UTC 2015
rtc1Time Thu 11 Jun 2015 03:44:59 AM UTC -0.406298 seconds
rtc0Time Thu Jun 11 03:54:59 UTC 2015
rtc1Time Thu 11 Jun 2015 03:54:59 AM UTC -0.413461 seconds
rtc0Time Thu Jun 11 04:05:00 UTC 2015
rtc1Time Thu 11 Jun 2015 04:05:00 AM UTC -0.432435 seconds
rtc0Time Thu Jun 11 04:15:00 UTC 2015
rtc1Time Thu 11 Jun 2015 04:15:00 AM UTC -0.438964 seconds
rtc0Time Thu Jun 11 04:25:00 UTC 2015
rtc1Time Thu 11 Jun 2015 04:25:00 AM UTC -0.451050 seconds
rtc0Time Thu Jun 11 04:34:59 UTC 2015
rtc1Time Thu 11 Jun 2015 04:34:59 AM UTC -0.452481 seconds
rtc0Time Thu Jun 11 04:45:00 UTC 2015
rtc1Time Thu 11 Jun 2015 04:45:00 AM UTC -0.463013 seconds
rtc0Time Thu Jun 11 04:55:00 UTC 2015
rtc1Time Thu 11 Jun 2015 04:55:00 AM UTC -0.450684 seconds
rtc0Time Thu Jun 11 05:05:00 UTC 2015
rtc1Time Thu 11 Jun 2015 05:05:00 AM UTC -0.479522 seconds
rtc0Time Thu Jun 11 05:15:00 UTC 2015
rtc1Time Thu 11 Jun 2015 05:15:00 AM UTC -0.483384 seconds
rtc0Time Thu Jun 11 05:25:00 UTC 2015
rtc1Time Thu 11 Jun 2015 05:25:00 AM UTC -0.494699 seconds
rtc0Time Thu Jun 11 05:35:00 UTC 2015
rtc1Time Thu 11 Jun 2015 05:35:00 AM UTC -0.505653 seconds
rtc0Time Thu Jun 11 05:44:59 UTC 2015
rtc1Time Thu 11 Jun 2015 05:44:59 AM UTC -0.504989 seconds
rtc0Time Thu Jun 11 05:55:00 UTC 2015
rtc1Time Thu 11 Jun 2015 05:55:00 AM UTC -0.523397 seconds
rtc0Time Thu Jun 11 06:05:00 UTC 2015
rtc1Time Thu 11 Jun 2015 06:05:00 AM UTC -0.522008 seconds
rtc0Time Thu Jun 11 06:15:00 UTC 2015
rtc1Time Thu 11 Jun 2015 06:15:00 AM UTC -0.539673 seconds
rtc0Time Thu Jun 11 06:24:59 UTC 2015
rtc1Time Thu 11 Jun 2015 06:24:59 AM UTC -0.545252 seconds
rtc0Time Thu Jun 11 06:35:00 UTC 2015
rtc1Time Thu 11 Jun 2015 06:35:00 AM UTC -0.549804 seconds
rtc0Time Thu Jun 11 06:45:00 UTC 2015
rtc1Time Thu 11 Jun 2015 06:45:00 AM UTC -0.565480 seconds
rtc0Time Thu Jun 11 06:55:00 UTC 2015
rtc1Time Thu 11 Jun 2015 06:55:00 AM UTC -0.569857 seconds
rtc0Time Thu Jun 11 07:04:59 UTC 2015
rtc1Time Thu 11 Jun 2015 07:04:59 AM UTC -0.582512 seconds
rtc0Time Thu Jun 11 07:14:59 UTC 2015
rtc1Time Thu 11 Jun 2015 07:14:59 AM UTC -0.581935 seconds
rtc0Time Thu Jun 11 07:25:00 UTC 2015
rtc1Time Thu 11 Jun 2015 07:25:00 AM UTC -0.597077 seconds
rtc0Time Thu Jun 11 07:35:00 UTC 2015
rtc1Time Thu 11 Jun 2015 07:35:00 AM UTC -0.601262 seconds
rtc0Time Thu Jun 11 07:45:00 UTC 2015
rtc1Time Thu 11 Jun 2015 07:45:00 AM UTC -0.609400 seconds
rtc0Time Thu Jun 11 07:54:59 UTC 2015
rtc1Time Thu 11 Jun 2015 07:54:59 AM UTC -0.614217 seconds
rtc0Time Thu Jun 11 08:05:00 UTC 2015
rtc1Time Thu 11 Jun 2015 08:05:00 AM UTC -0.624845 seconds
rtc0Time Thu Jun 11 08:15:00 UTC 2015
rtc1Time Thu 11 Jun 2015 08:15:00 AM UTC -0.636788 seconds
rtc0Time Thu Jun 11 08:25:00 UTC 2015
rtc1Time Thu 11 Jun 2015 08:25:00 AM UTC -0.634257 seconds
rtc0Time Thu Jun 11 08:34:59 UTC 2015
rtc1Time Thu 11 Jun 2015 08:34:58 AM UTC -0.658279 seconds
rtc0Time Thu Jun 11 08:44:58 UTC 2015
rtc1Time Thu 11 Jun 2015 08:44:57 AM UTC -0.653941 seconds
rtc0Time Thu Jun 11 08:54:58 UTC 2015
rtc1Time Thu 11 Jun 2015 08:54:57 AM UTC -0.667046 seconds
rtc0Time Thu Jun 11 09:04:58 UTC 2015
rtc1Time Thu 11 Jun 2015 09:04:57 AM UTC -0.681246 seconds
rtc0Time Thu Jun 11 09:14:59 UTC 2015
rtc1Time Thu 11 Jun 2015 09:14:58 AM UTC -0.683089 seconds
rtc0Time Thu Jun 11 09:24:58 UTC 2015
rtc1Time Thu 11 Jun 2015 09:24:57 AM UTC -0.686145 seconds
rtc0Time Thu Jun 11 09:34:59 UTC 2015
rtc1Time Thu 11 Jun 2015 09:34:58 AM UTC -0.695008 seconds
rtc0Time Thu Jun 11 09:44:59 UTC 2015
rtc1Time Thu 11 Jun 2015 09:44:58 AM UTC -0.702435 seconds
rtc0Time Thu Jun 11 09:54:58 UTC 2015
rtc1Time Thu 11 Jun 2015 09:54:57 AM UTC -0.716834 seconds
rtc0Time Thu Jun 11 10:04:59 UTC 2015
rtc1Time Thu 11 Jun 2015 10:04:58 AM UTC -0.723115 seconds
rtc0Time Thu Jun 11 10:14:58 UTC 2015
rtc1Time Thu 11 Jun 2015 10:14:57 AM UTC -0.729589 seconds
rtc0Time Thu Jun 11 10:24:59 UTC 2015
rtc1Time Thu 11 Jun 2015 10:24:58 AM UTC -0.734668 seconds
rtc0Time Thu Jun 11 10:34:59 UTC 2015
rtc1Time Thu 11 Jun 2015 10:34:58 AM UTC -0.754018 seconds
rtc0Time Thu Jun 11 10:44:58 UTC 2015
rtc1Time Thu 11 Jun 2015 10:44:57 AM UTC -0.759113 seconds
rtc0Time Thu Jun 11 10:54:59 UTC 2015
rtc1Time Thu 11 Jun 2015 10:54:58 AM UTC -0.756090 seconds
rtc0Time Thu Jun 11 11:04:59 UTC 2015
rtc1Time Thu 11 Jun 2015 11:04:58 AM UTC -0.773487 seconds
rtc0Time Thu Jun 11 11:14:58 UTC 2015
rtc1Time Thu 11 Jun 2015 11:14:57 AM UTC -0.780732 seconds
rtc0Time Thu Jun 11 11:24:59 UTC 2015
rtc1Time Thu 11 Jun 2015 11:24:58 AM UTC -0.789429 seconds
rtc0Time Thu Jun 11 11:34:58 UTC 2015
rtc1Time Thu 11 Jun 2015 11:34:57 AM UTC -0.792820 seconds
rtc0Time Thu Jun 11 11:45:00 UTC 2015
rtc1Time Thu 11 Jun 2015 11:45:01 AM UTC -0.797127 seconds
rtc0Time Thu Jun 11 11:55:00 UTC 2015
rtc1Time Thu 11 Jun 2015 11:55:01 AM UTC -0.812263 seconds
rtc0Time Thu Jun 11 12:05:01 UTC 2015
rtc1Time Thu 11 Jun 2015 12:05:02 PM UTC -0.818269 seconds
rtc0Time Thu Jun 11 12:15:00 UTC 2015
rtc1Time Thu 11 Jun 2015 12:15:01 PM UTC -0.831853 seconds
rtc0Time Thu Jun 11 12:25:01 UTC 2015
rtc1Time Thu 11 Jun 2015 12:25:02 PM UTC -0.830010 seconds
rtc0Time Thu Jun 11 12:35:01 UTC 2015
rtc1Time Thu 11 Jun 2015 12:35:02 PM UTC -0.847372 seconds
rtc0Time Thu Jun 11 12:45:00 UTC 2015
rtc1Time Thu 11 Jun 2015 12:45:01 PM UTC -0.854641 seconds
rtc0Time Thu Jun 11 12:55:01 UTC 2015
rtc1Time Thu 11 Jun 2015 12:55:02 PM UTC -0.859184 seconds
rtc0Time Thu Jun 11 12:55:48 UTC 2015
rtc1Time Thu 11 Jun 2015 12:55:48 PM UTC -0.648594 seconds
rtc0Time Thu Jun 11 13:05:01 UTC 2015
rtc1Time Thu 11 Jun 2015 01:05:02 PM UTC -0.869777 seconds
rtc0Time Thu Jun 11 13:15:01 UTC 2015
rtc1Time Thu 11 Jun 2015 01:15:02 PM UTC -0.876719 seconds
rtc0Time Thu Jun 11 13:25:01 UTC 2015
rtc1Time Thu 11 Jun 2015 01:25:02 PM UTC -0.878985 seconds
rtc0Time Thu Jun 11 13:35:01 UTC 2015
rtc1Time Thu 11 Jun 2015 01:35:02 PM UTC -0.896020 seconds
rtc0Time Thu Jun 11 13:45:00 UTC 2015
rtc1Time Thu 11 Jun 2015 01:45:01 PM UTC -0.901818 seconds
rtc0Time Thu Jun 11 13:55:01 UTC 2015
rtc1Time Thu 11 Jun 2015 01:55:02 PM UTC -0.909941 seconds
rtc0Time Thu Jun 11 14:05:01 UTC 2015
rtc1Time Thu 11 Jun 2015 02:05:02 PM UTC -0.915698 seconds
rtc0Time Thu Jun 11 14:15:00 UTC 2015
rtc1Time Thu 11 Jun 2015 02:15:01 PM UTC -0.927415 seconds
rtc0Time Thu Jun 11 14:25:00 UTC 2015
rtc1Time Thu 11 Jun 2015 02:25:01 PM UTC -0.932536 seconds
rtc0Time Thu Jun 11 14:35:00 UTC 2015
rtc1Time Thu 11 Jun 2015 02:35:01 PM UTC -0.941375 seconds
rtc0Time Thu Jun 11 14:45:00 UTC 2015
rtc1Time Thu 11 Jun 2015 02:45:01 PM UTC -0.950478 seconds
rtc0Time Thu Jun 11 14:55:01 UTC 2015
rtc1Time Thu 11 Jun 2015 02:55:02 PM UTC -0.954305 seconds
rtc0Time Thu Jun 11 15:05:00 UTC 2015
rtc1Time Thu 11 Jun 2015 03:05:01 PM UTC -0.968287 seconds
rtc0Time Thu Jun 11 15:15:00 UTC 2015
rtc1Time Thu 11 Jun 2015 03:15:01 PM UTC -0.967550 seconds
rtc0Time Thu Jun 11 15:25:00 UTC 2015
rtc1Time Thu 11 Jun 2015 03:25:01 PM UTC -0.976216 seconds
rtc0Time Thu Jun 11 15:35:00 UTC 2015
rtc1Time Thu 11 Jun 2015 03:35:01 PM UTC -0.988182 seconds
rtc0Time Thu Jun 11 15:45:00 UTC 2015
rtc1Time Thu 11 Jun 2015 03:45:01 PM UTC -0.999627 seconds
rtc0Time Thu Jun 11 15:55:00 UTC 2015
rtc1Time Thu 11 Jun 2015 03:55:01 PM UTC -1.011936 seconds
rtc0Time Thu Jun 11 16:05:01 UTC 2015
rtc1Time Thu 11 Jun 2015 04:05:02 PM UTC -1.016343 seconds
rtc0Time Thu Jun 11 16:15:00 UTC 2015
rtc1Time Thu 11 Jun 2015 04:15:01 PM UTC -1.017953 seconds
rtc0Time Thu Jun 11 16:25:00 UTC 2015
rtc1Time Thu 11 Jun 2015 04:25:00 PM UTC -0.023143 seconds
rtc0Time Thu Jun 11 16:35:00 UTC 2015
rtc1Time Thu 11 Jun 2015 04:35:00 PM UTC -0.032490 seconds
rtc0Time Thu Jun 11 21:05:00 UTC 2015
rtc1Time Thu Jun 11 21:05:01 2015 -0.080097 seconds
rtc0Time Thu Jun 11 21:24:59 UTC 2015
rtc1Time Thu Jun 11 21:24:58 2015 -0.157893 seconds
rtc0Time Thu Jun 11 21:35:00 UTC 2015
rtc1Time Thu Jun 11 21:34:59 2015 -0.145874 seconds
rtc0Time Fri Jun 12 07:15:02 UTC 2015
rtc1Time Fri Jun 12 07:15:02 2015 -0.112123 seconds
rtc0Time Wed Jun 17 17:55:01 UTC 2015
rtc1Time Wed 17 Jun 2015 05:55:03 PM UTC -0.754696 seconds
rtc0Time Wed Jun 17 18:05:00 UTC 2015
rtc1Time Wed 17 Jun 2015 06:05:02 PM UTC -0.773911 seconds
rtc0Time Fri Jun 19 11:25:02 UTC 2015
rtc1Time Fri 19 Jun 2015 11:25:03 AM UTC -0.527901 seconds
rtc0Time Fri Jun 19 13:45:02 UTC 2015
rtc1Time Fri 19 Jun 2015 01:45:03 PM UTC -0.963440 seconds
rtc0Time Fri Jun 19 13:55:01 UTC 2015
rtc1Time Fri 19 Jun 2015 01:55:02 PM UTC -0.985000 seconds
rtc0Time Fri Jun 19 14:05:01 UTC 2015
rtc1Time Fri 19 Jun 2015 02:05:02 PM UTC -0.984882 seconds
rtc0Time Fri Jun 19 17:55:01 UTC 2015
rtc1Time Fri 19 Jun 2015 05:55:01 PM UTC -0.976817 seconds
rtc0Time Fri Jun 19 18:05:01 UTC 2015
rtc1Time Fri 19 Jun 2015 06:05:01 PM UTC -1.000233 seconds
rtc0Time Fri Jun 19 18:15:01 UTC 2015
rtc1Time Fri 19 Jun 2015 06:15:01 PM UTC -1.007096 seconds
rtc0Time Fri Jun 19 18:25:01 UTC 2015
rtc1Time Fri 19 Jun 2015 06:25:00 PM UTC -0.021403 seconds
rtc0Time Fri Jun 19 18:35:01 UTC 2015
rtc1Time Fri 19 Jun 2015 06:35:00 PM UTC -0.028536 seconds
rtc0Time Fri Jun 19 18:45:01 UTC 2015
rtc1Time Fri 19 Jun 2015 06:45:00 PM UTC -0.038344 seconds
